<?xml version="1.0" encoding="UTF-8"?>
<testng-results skipped="0" failed="0" ignored="0" total="1" passed="1">
  <reporter-output>
  </reporter-output>
  <suite name="Default suite" duration-ms="56" started-at="2019-06-14T16:25:14Z" finished-at="2019-06-14T16:25:14Z">
    <groups>
    </groups>
    <test name="Default test" duration-ms="56" started-at="2019-06-14T16:25:14Z" finished-at="2019-06-14T16:25:14Z">
      <class name="com.example.demo.DemoApplicationTests">
        <test-method status="PASS" signature="contextLoads()[pri:0, instance:com.example.demo.DemoApplicationTests@6f7fd0e6]" name="contextLoads" duration-ms="14" started-at="2019-06-14T16:25:14Z" finished-at="2019-06-14T16:25:14Z">
          <reporter-output>
          </reporter-output>
        </test-method> <!-- contextLoads -->
      </class> <!-- com.example.demo.DemoApplicationTests -->
    </test> <!-- Default test -->
  </suite> <!-- Default suite -->
</testng-results>
